[debug] [2018-02-18T06:31:00.917Z] ----------------------------------------------------------------------
[debug] [2018-02-18T06:31:00.919Z] Command:       /usr/local/bin/node /usr/local/bin/firebase deploy
[debug] [2018-02-18T06:31:00.920Z] CLI Version:   3.17.4
[debug] [2018-02-18T06:31:00.920Z] Platform:      darwin
[debug] [2018-02-18T06:31:00.920Z] Node Version:  v6.3.0
[debug] [2018-02-18T06:31:00.920Z] Time:          Sun Feb 18 2018 14:31:00 GMT+0800 (CST)
[debug] [2018-02-18T06:31:00.920Z] ----------------------------------------------------------------------
[debug] 
[debug] [2018-02-18T06:31:00.935Z] > command requires scopes: ["email","openid","https://www.googleapis.com/auth/cloudplatformprojects.readonly","https://www.googleapis.com/auth/firebase","https://www.googleapis.com/auth/cloud-platform"]
[debug] [2018-02-18T06:31:00.935Z] > authorizing via signed-in user
[debug] [2018-02-18T06:31:00.937Z] > refreshing access token with scopes: ["email","https://www.googleapis.com/auth/cloud-platform","https://www.googleapis.com/auth/cloudplatformprojects.readonly","https://www.googleapis.com/auth/firebase","openid"]
[debug] [2018-02-18T06:31:00.938Z] >>> HTTP REQUEST POST https://www.googleapis.com/oauth2/v3/token  
 { refresh_token: '1/-SNUQBDJfZUwXjT94O8JJ2dMGvH7EgZkAnmbI8vxVpoO2FHR_djsCOJt1JrkIu-y',
  client_id: '563584335869-fgrhgmd47bqnekij5i8b5pr03ho849e6.apps.googleusercontent.com',
  client_secret: 'j9iVZfS8kkCEFUPaAeJV0sAi',
  grant_type: 'refresh_token',
  scope: 'email https://www.googleapis.com/auth/cloud-platform https://www.googleapis.com/auth/cloudplatformprojects.readonly https://www.googleapis.com/auth/firebase openid' } 
 Sun Feb 18 2018 14:31:00 GMT+0800 (CST)
[debug] [2018-02-18T06:31:01.234Z] <<< HTTP RESPONSE 200
[debug] [2018-02-18T06:31:01.236Z] >>> HTTP REQUEST GET https://admin.firebase.com/v1/projects/deerlight-studio  
  
 Sun Feb 18 2018 14:31:01 GMT+0800 (CST)
[debug] [2018-02-18T06:31:03.683Z] <<< HTTP RESPONSE 200
[debug] [2018-02-18T06:31:03.684Z] >>> HTTP REQUEST GET https://admin.firebase.com/v1/database/deerlight-studio/tokens  
  
 Sun Feb 18 2018 14:31:03 GMT+0800 (CST)
[debug] [2018-02-18T06:31:04.758Z] <<< HTTP RESPONSE 200
[info] 
[info] === Deploying to 'deerlight-studio'...
[info] 
[info] i  deploying functions, hosting
[debug] [2018-02-18T06:31:05.980Z] > [functions] package.json contents: {
  "name": "functions",
  "description": "Cloud Functions for Firebase",
  "scripts": {
    "serve": "firebase serve --only functions",
    "shell": "firebase experimental:functions:shell",
    "start": "npm run shell",
    "deploy": "firebase deploy --only functions",
    "logs": "firebase functions:log"
  },
  "dependencies": {
    "firebase-admin": "~5.8.1",
    "firebase-functions": "^0.8.1"
  },
  "private": true
}
[info] i  functions: ensuring necessary APIs are enabled...
[debug] [2018-02-18T06:31:05.982Z] >>> HTTP REQUEST GET https://servicemanagement.googleapis.com/v1/services/cloudfunctions.googleapis.com/projectSettings/deerlight-studio?view=CONSUMER_VIEW  
  
 Sun Feb 18 2018 14:31:05 GMT+0800 (CST)
[debug] [2018-02-18T06:31:05.983Z] >>> HTTP REQUEST GET https://servicemanagement.googleapis.com/v1/services/runtimeconfig.googleapis.com/projectSettings/deerlight-studio?view=CONSUMER_VIEW  
  
 Sun Feb 18 2018 14:31:05 GMT+0800 (CST)
[debug] [2018-02-18T06:31:07.454Z] <<< HTTP RESPONSE 200
[debug] [2018-02-18T06:31:07.510Z] <<< HTTP RESPONSE 200
[info] ✔  functions: all necessary APIs are enabled
[debug] [2018-02-18T06:31:07.511Z] >>> HTTP REQUEST GET https://appengine.googleapis.com/v1/apps/deerlight-studio  
  
 Sun Feb 18 2018 14:31:07 GMT+0800 (CST)
[debug] [2018-02-18T06:31:07.512Z] >>> HTTP REQUEST GET https://apikeys.googleapis.com/v1/projects/deerlight-studio/apiKeys  
  
 Sun Feb 18 2018 14:31:07 GMT+0800 (CST)
[debug] [2018-02-18T06:31:08.989Z] <<< HTTP RESPONSE 200
[debug] [2018-02-18T06:31:08.991Z] <<< HTTP RESPONSE 200
[info] i  functions: preparing functions directory for uploading...
[debug] [2018-02-18T06:31:08.994Z] >>> HTTP REQUEST GET https://runtimeconfig.googleapis.com/v1beta1/projects/deerlight-studio/configs  
  
 Sun Feb 18 2018 14:31:08 GMT+0800 (CST)
[debug] [2018-02-18T06:31:09.508Z] <<< HTTP RESPONSE 200
[info] i  functions: packaged functions (1.24 KB) for uploading
[debug] [2018-02-18T06:31:09.869Z] >>> HTTP REQUEST GET https://www.googleapis.com/storage/v1/b/staging.deerlight-studio.appspot.com  
  
 Sun Feb 18 2018 14:31:09 GMT+0800 (CST)
[debug] [2018-02-18T06:31:11.138Z] <<< HTTP RESPONSE 200
[debug] [2018-02-18T06:31:11.139Z] >>> HTTP REQUEST POST https://www.googleapis.com/upload/storage/v1/b/staging.deerlight-studio.appspot.com/o?uploadType=media&name=firebase-functions-source  
 ReadStream {
  _readableState: 
   ReadableState {
     objectMode: false,
     highWaterMark: 65536,
     buffer: BufferList { head: [Object], tail: [Object], length: 1 },
     length: 1267,
     pipes: null,
     pipesCount: 0,
     flowing: null,
     ended: true,
     endEmitted: false,
     reading: false,
     sync: false,
     needReadable: false,
     emittedReadable: true,
     readableListening: false,
     resumeScheduled: false,
     defaultEncoding: 'utf8',
     ranOut: false,
     awaitDrain: 0,
     readingMore: false,
     decoder: null,
     encoding: null },
  readable: true,
  domain: null,
  _events: { end: [Function] },
  _eventsCount: 1,
  _maxListeners: undefined,
  path: '/var/folders/20/3wv9sdwd7lj_d__sgl715pgr0000gn/T/firebase-functions-31648MS8hHNfnniW7.zip',
  fd: 20,
  flags: 'r',
  mode: 438,
  start: undefined,
  end: undefined,
  autoClose: true,
  pos: undefined } 
 Sun Feb 18 2018 14:31:11 GMT+0800 (CST)
[debug] [2018-02-18T06:31:11.912Z] <<< HTTP RESPONSE 200
[info] ✔  functions: functions folder uploaded successfully
[info] i  hosting: preparing dist directory for upload...
[debug] [2018-02-18T06:31:17.757Z] >>> HTTP REQUEST PUT https://deploy.firebase.com/v1/hosting/deerlight-studio/uploads/-L5bayhtGy-TST9s5NWw?fileCount=156&message=  
  
 Sun Feb 18 2018 14:31:17 GMT+0800 (CST)
